<?xml version="1.0" encoding="UTF-8"?>
<testng-results ignored="0" total="1" passed="1" failed="0" skipped="0">
  <reporter-output>
  </reporter-output>
  <suite started-at="2022-11-09T05:07:53Z" name="Default suite" finished-at="2022-11-09T05:10:44Z" duration-ms="171875">
    <groups>
    </groups>
    <test started-at="2022-11-09T05:07:53Z" name="Default test" finished-at="2022-11-09T05:10:44Z" duration-ms="171875">
      <class name="mmtrip.autotrip">
        <test-method is-config="true" signature="beforetest()[pri:0, instance:mmtrip.autotrip@48bb62]" started-at="2022-11-09T05:07:53Z" name="beforetest" finished-at="2022-11-09T05:08:00Z" duration-ms="7733" status="PASS">
          <reporter-output>
          </reporter-output>
        </test-method> <!-- beforetest -->
        <test-method signature="testcase()[pri:0, instance:mmtrip.autotrip@48bb62]" started-at="2022-11-09T05:08:00Z" name="testcase" finished-at="2022-11-09T05:10:44Z" duration-ms="164090" status="PASS">
          <reporter-output>
          </reporter-output>
        </test-method> <!-- testcase -->
      </class> <!-- mmtrip.autotrip -->
    </test> <!-- Default test -->
  </suite> <!-- Default suite -->
</testng-results>
